<?xml version="1.0" encoding="UTF-8"?>
<!-- Generated by org.testng.reporters.JUnitReportReporter -->
<testsuite hostname="SSI-ANEEQ-FLP" failures="0" tests="1" name="testCases.LoginTest" time="3.170" errors="0" timestamp="2025-03-20T13:56:57 PKT" skipped="0">
  <testcase classname="testCases.LoginTest" name="testSuccessfulLogin" time="3.170"/>
</testsuite> <!-- testCases.LoginTest -->
